<?xml version="1.0" encoding="UTF-8"?>
<!-- Generated by org.testng.reporters.JUnitReportReporter -->
<testsuite hostname="Tahamiduls-MacBook-Air.local" failures="0" tests="1" name="com.foodKing.foodKing.tests.TC12_SelectMenuWithItemTest" time="10.902" errors="0" timestamp="2025-11-19T01:06:50 BDT" skipped="0">
  <testcase classname="com.foodKing.foodKing.tests.TC12_SelectMenuWithItemTest" name="selectMenuItemAndVerify" time="10.902"/>
</testsuite> <!-- com.foodKing.foodKing.tests.TC12_SelectMenuWithItemTest -->
