<?xml version="1.0" encoding="UTF-8"?>
<!-- Generated by org.testng.reporters.JUnitReportReporter -->
<testsuite hostname="Tahamiduls-MacBook-Air.local" failures="0" tests="1" name="com.foodKing.foodKing.tests.TC22_AddDeliveryAddressTest" time="47.548" errors="0" timestamp="2025-11-29T02:02:42 BDT" skipped="0">
  <testcase classname="com.foodKing.foodKing.tests.TC22_AddDeliveryAddressTest" name="addDeliveryAddress" time="47.548"/>
</testsuite> <!-- com.foodKing.foodKing.tests.TC22_AddDeliveryAddressTest -->
