<?xml version="1.0" encoding="UTF-8"?>
<!-- Generated by org.testng.reporters.JUnitReportReporter -->
<testsuite hostname="Tahamiduls-MacBook-Air.local" failures="0" tests="1" name="com.foodKing.foodKing.tests.TC15_VerifyRemoveItemFromCartTest" time="10.363" errors="0" timestamp="2025-11-07T16:51:10 BDT" skipped="0">
  <testcase classname="com.foodKing.foodKing.tests.TC15_VerifyRemoveItemFromCartTest" name="verifyRemoveItemFromCart" time="10.363"/>
</testsuite> <!-- com.foodKing.foodKing.tests.TC15_VerifyRemoveItemFromCartTest -->
