<?xml version="1.0" encoding="UTF-8"?>
<!-- Generated by org.testng.reporters.JUnitReportReporter -->
<testsuite hostname="Tahamiduls-MacBook-Air.local" failures="0" tests="1" name="com.foodKing.foodKing.tests.TC19_ProceedToCheckoutTest" time="16.168" errors="0" timestamp="2025-11-22T03:02:42 BDT" skipped="0">
  <testcase classname="com.foodKing.foodKing.tests.TC19_ProceedToCheckoutTest" name="proceedToCheckout" time="16.168"/>
</testsuite> <!-- com.foodKing.foodKing.tests.TC19_ProceedToCheckoutTest -->
