<?xml version="1.0" encoding="UTF-8"?>
<!-- Generated by org.testng.reporters.JUnitReportReporter -->
<testsuite hostname="Tahamiduls-MacBook-Air.local" failures="0" tests="1" name="com.foodKing.foodKing.tests.TC20_DeliveryAddressSelectionTest" time="16.942" errors="0" timestamp="2025-11-29T00:57:20 BDT" skipped="0">
  <testcase classname="com.foodKing.foodKing.tests.TC20_DeliveryAddressSelectionTest" name="deliveryAddressSelection" time="16.942"/>
</testsuite> <!-- com.foodKing.foodKing.tests.TC20_DeliveryAddressSelectionTest -->
