<?xml version="1.0" encoding="UTF-8"?>
<!-- Generated by org.testng.reporters.JUnitReportReporter -->
<testsuite hostname="Tahamiduls-MacBook-Air.local" failures="0" tests="1" name="com.foodKing.foodKing.tests.TC21_EditDeliveryAddressTest" time="17.595" errors="0" timestamp="2025-11-29T00:54:44 BDT" skipped="0">
  <testcase classname="com.foodKing.foodKing.tests.TC21_EditDeliveryAddressTest" name="editDeliveryAddress" time="17.595"/>
</testsuite> <!-- com.foodKing.foodKing.tests.TC21_EditDeliveryAddressTest -->
