<?xml version="1.0" encoding="UTF-8"?>
<!-- Generated by org.testng.reporters.JUnitReportReporter -->
<testsuite hostname="Tahamiduls-MacBook-Air.local" failures="0" tests="1" name="com.foodKing.foodKing.tests.TC21_EditDeliveryAddressSelectionTest" time="16.834" errors="0" timestamp="2025-11-24T00:01:56 BDT" skipped="0">
  <testcase classname="com.foodKing.foodKing.tests.TC21_EditDeliveryAddressSelectionTest" name="editDeliveryAddressSelectionTest" time="16.834"/>
</testsuite> <!-- com.foodKing.foodKing.tests.TC21_EditDeliveryAddressSelectionTest -->
