<?xml version="1.0" encoding="UTF-8"?>
<!-- Generated by org.testng.reporters.JUnitReportReporter -->
<testsuite hostname="Tahamiduls-MacBook-Air.local" failures="0" tests="1" name="com.foodKing.foodKing.tests.TC18_ProceedToCheckoutTest" time="8.592" errors="0" timestamp="2025-11-18T00:21:33 BDT" skipped="0">
  <testcase classname="com.foodKing.foodKing.tests.TC18_ProceedToCheckoutTest" name="proceedToCheckout" time="8.592"/>
</testsuite> <!-- com.foodKing.foodKing.tests.TC18_ProceedToCheckoutTest -->
