<?xml version="1.0" encoding="UTF-8"?>
<!-- Generated by org.testng.reporters.JUnitReportReporter -->
<testsuite hostname="Tahamiduls-MacBook-Air.local" failures="0" tests="1" name="com.foodKing.foodKing.tests.TC26_VerifyTotalTakewayTest" time="41.000" errors="0" timestamp="2025-11-29T22:44:34 BDT" skipped="0">
  <testcase classname="com.foodKing.foodKing.tests.TC26_VerifyTotalTakewayTest" name="verifyTotalTakeway" time="41.000"/>
</testsuite> <!-- com.foodKing.foodKing.tests.TC26_VerifyTotalTakewayTest -->
