<?xml version="1.0" encoding="UTF-8"?>
<!-- Generated by org.testng.reporters.JUnitReportReporter -->
<testsuite hostname="Tahamiduls-MacBook-Air.local" failures="0" tests="1" name="com.foodKing.foodKing.tests.TC14_VerifyIncFromCartTest" time="7.185" errors="0" timestamp="2025-11-08T20:26:28 BDT" skipped="0">
  <testcase classname="com.foodKing.foodKing.tests.TC14_VerifyIncFromCartTest" name="VerifyIncFromCart" time="7.185"/>
</testsuite> <!-- com.foodKing.foodKing.tests.TC14_VerifyIncFromCartTest -->
