<?xml version="1.0" encoding="UTF-8"?>
<!-- Generated by org.testng.reporters.JUnitReportReporter -->
<testsuite hostname="Tahamiduls-MacBook-Air.local" failures="0" tests="1" name="com.foodKing.foodKing.tests.TC15_VerifyRemoveItemFromCartTest" time="7.204" errors="0" timestamp="2025-11-09T00:07:56 BDT" skipped="0">
  <testcase classname="com.foodKing.foodKing.tests.TC15_VerifyRemoveItemFromCartTest" name="verifyRemoveItemFromCart" time="7.204"/>
</testsuite> <!-- com.foodKing.foodKing.tests.TC15_VerifyRemoveItemFromCartTest -->
