<?xml version="1.0" encoding="UTF-8"?>
<!-- Generated by org.testng.reporters.JUnitReportReporter -->
<testsuite hostname="Tahamiduls-MacBook-Air.local" failures="0" tests="1" name="com.foodKing.foodKing.tests.TC13_VerifyItemToCartTest" time="5.840" errors="0" timestamp="2025-11-02T01:00:33 BDT" skipped="0">
  <testcase classname="com.foodKing.foodKing.tests.TC13_VerifyItemToCartTest" name="verifyItemToCart" time="5.840"/>
</testsuite> <!-- com.foodKing.foodKing.tests.TC13_VerifyItemToCartTest -->
